1634500386731	geckodriver	INFO	Listening on 127.0.0.1:39681
1634500386740	mozrunner::runner	INFO	Running command: "/usr/bin/firefox" "--marionette" "--remote-debugging-port" "33645" "-no-remote" "-profile" "/tmp/rust_mozprofileG12Sbm"
1634500388765	Marionette	INFO	Marionette enabled
console.warn: SearchSettings: "get: No settings file exists, new profile?" (new NotFoundError("Could not open the file at /tmp/rust_mozprofileG12Sbm/search.json.mozlz4", (void 0)))
DevTools listening on ws://localhost:33645/devtools/browser/2a5def98-2d5e-40c4-aecf-188e04647047
1634500390474	Marionette	INFO	Listening on port 42575
1634500390601	RemoteAgent	WARN	TLS certificate errors will be ignored for this session
JavaScript error: , line 0: uncaught exception: undefined
1634500402220	Marionette	INFO	Stopped listening on port 42575
JavaScript error: resource:///modules/Interactions.jsm, line 201: NS_ERROR_FAILURE: Component returned failure code: 0x80004005 (NS_ERROR_FAILURE) [nsIUserIdleService.removeIdleObserver]
1634501410903	geckodriver	INFO	Listening on 127.0.0.1:55545
1634501410910	mozrunner::runner	INFO	Running command: "/usr/bin/firefox" "--marionette" "--remote-debugging-port" "50077" "-no-remote" "-profile" "/tmp/rust_mozprofileeZvZDb"
1634501411930	Marionette	INFO	Marionette enabled
console.warn: SearchSettings: "get: No settings file exists, new profile?" (new NotFoundError("Could not open the file at /tmp/rust_mozprofileeZvZDb/search.json.mozlz4", (void 0)))
DevTools listening on ws://localhost:50077/devtools/browser/56a2dbe0-7b48-4d1c-b1e7-3cbff033c44f
1634501413450	Marionette	INFO	Listening on port 34783
1634501413533	RemoteAgent	WARN	TLS certificate errors will be ignored for this session
JavaScript error: , line 0: uncaught exception: undefined
1634501496164	Marionette	INFO	Stopped listening on port 34783
JavaScript error: resource:///modules/Interactions.jsm, line 201: NS_ERROR_FAILURE: Component returned failure code: 0x80004005 (NS_ERROR_FAILURE) [nsIUserIdleService.removeIdleObserver]
console.warn: TopSitesFeed: Failed to fetch data from Contile server: NetworkError when attempting to fetch resource.

###!!! [Parent][RunMessage] Error: Channel closing: too late to send/recv, messages will be lost

1634501552163	geckodriver	INFO	Listening on 127.0.0.1:47071
1634501552172	mozrunner::runner	INFO	Running command: "/usr/bin/firefox" "--marionette" "--remote-debugging-port" "39165" "-no-remote" "-profile" "/tmp/rust_mozprofilehnVWHY"
1634501553222	Marionette	INFO	Marionette enabled
console.warn: SearchSettings: "get: No settings file exists, new profile?" (new NotFoundError("Could not open the file at /tmp/rust_mozprofilehnVWHY/search.json.mozlz4", (void 0)))
DevTools listening on ws://localhost:39165/devtools/browser/6fe7e754-74fb-485c-86fd-f916611d3c7c
1634501554855	Marionette	INFO	Listening on port 34057
1634501554900	RemoteAgent	WARN	TLS certificate errors will be ignored for this session
JavaScript error: , line 0: uncaught exception: undefined
1634501591954	Marionette	INFO	Stopped listening on port 34057
JavaScript error: resource:///modules/Interactions.jsm, line 201: NS_ERROR_FAILURE: Component returned failure code: 0x80004005 (NS_ERROR_FAILURE) [nsIUserIdleService.removeIdleObserver]
console.warn: TopSitesFeed: Failed to fetch data from Contile server: NetworkError when attempting to fetch resource.

###!!! [Parent][RunMessage] Error: Channel closing: too late to send/recv, messages will be lost

1634501668968	geckodriver	INFO	Listening on 127.0.0.1:56293
1634501668975	mozrunner::runner	INFO	Running command: "/usr/bin/firefox" "--marionette" "--remote-debugging-port" "58391" "-no-remote" "-profile" "/tmp/rust_mozprofileLFDjyE"
1634501669968	Marionette	INFO	Marionette enabled
console.warn: SearchSettings: "get: No settings file exists, new profile?" (new NotFoundError("Could not open the file at /tmp/rust_mozprofileLFDjyE/search.json.mozlz4", (void 0)))
DevTools listening on ws://localhost:58391/devtools/browser/e927b29b-6565-49a3-b358-d154d187eb02
1634501671602	Marionette	INFO	Listening on port 46555
1634501671698	RemoteAgent	WARN	TLS certificate errors will be ignored for this session
JavaScript error: , line 0: uncaught exception: undefined
SourceActor threw an exception: [Exception... "Component returned failure code: 0x80470002 (NS_BASE_STREAM_CLOSED) [nsIInputStream.available]"  nsresult: "0x80470002 (NS_BASE_STREAM_CLOSED)"  location: "JS frame :: resource://devtools/shared/DevToolsUtils.js :: onResponse :: line 567"  data: no]
Stack: onResponse@resource://devtools/shared/DevToolsUtils.js:567:34
onStopRequest@resource://gre/modules/NetUtil.jsm:128:18
Line: 567, column: 0
console.error: ({})
JavaScript error: resource://devtools/shared/DevToolsUtils.js, line 567: NS_BASE_STREAM_CLOSED: Component returned failure code: 0x80470002 (NS_BASE_STREAM_CLOSED) [nsIInputStream.available]
SourceActor threw an exception: [Exception... "Component returned failure code: 0x80470002 (NS_BASE_STREAM_CLOSED) [nsIInputStream.available]"  nsresult: "0x80470002 (NS_BASE_STREAM_CLOSED)"  location: "JS frame :: resource://devtools/shared/DevToolsUtils.js :: onResponse :: line 567"  data: no]
Stack: onResponse@resource://devtools/shared/DevToolsUtils.js:567:34
onStopRequest@resource://gre/modules/NetUtil.jsm:128:18
Line: 567, column: 0
console.error: ({})
JavaScript error: resource://devtools/shared/DevToolsUtils.js, line 567: NS_BASE_STREAM_CLOSED: Component returned failure code: 0x80470002 (NS_BASE_STREAM_CLOSED) [nsIInputStream.available]
1634501753752	Marionette	INFO	Stopped listening on port 46555
JavaScript error: resource://devtools/shared/protocol/Front.js, line 106: Error: Connection closed, pending request to server0.conn0.windowGlobal6442450945/domnode174, type setNodeValue failed

Request stack:
request@resource://devtools/shared/protocol/Front.js:292:14
generateRequestMethods/</frontProto[name]@resource://devtools/shared/protocol/Front/FrontClassWithSpec.js:46:19
showTextEditor/done/</<@resource://devtools/client/inspector/markup/views/text-editor.js:101:25
do@resource://devtools/client/shared/undo.js:70:16
endBatch@resource://devtools/client/shared/undo.js:81:11
do@resource://devtools/client/shared/undo.js:93:10
showTextEditor/done/<@resource://devtools/client/inspector/markup/views/text-editor.js:99:31
process@resource://gre/modules/Promise-backend.js:952:38
walkerLoop@resource://gre/modules/Promise-backend.js:836:29
Promise*scheduleWalkerLoop@resource://gre/modules/Promise-backend.js:766:19
schedulePromise@resource://gre/modules/Promise-backend.js:800:12
completePromise@resource://gre/modules/Promise-backend.js:732:12

JavaScript error: resource:///modules/Interactions.jsm, line 201: NS_ERROR_FAILURE: Component returned failure code: 0x80004005 (NS_ERROR_FAILURE) [nsIUserIdleService.removeIdleObserver]
console.warn: TopSitesFeed: Failed to fetch data from Contile server: NetworkError when attempting to fetch resource.

###!!! [Parent][RunMessage] Error: Channel closing: too late to send/recv, messages will be lost

1634501756870	geckodriver	INFO	Listening on 127.0.0.1:54663
1634501756878	mozrunner::runner	INFO	Running command: "/usr/bin/firefox" "--marionette" "--remote-debugging-port" "47191" "-no-remote" "-profile" "/tmp/rust_mozprofilexemTtt"
1634501757955	Marionette	INFO	Marionette enabled
console.warn: SearchSettings: "get: No settings file exists, new profile?" (new NotFoundError("Could not open the file at /tmp/rust_mozprofilexemTtt/search.json.mozlz4", (void 0)))
DevTools listening on ws://localhost:47191/devtools/browser/38b17f92-204a-4fd8-b141-8e4879d1c1a0
1634501759636	Marionette	INFO	Listening on port 43701
1634501759704	RemoteAgent	WARN	TLS certificate errors will be ignored for this session
JavaScript error: , line 0: uncaught exception: undefined
SourceActor threw an exception: [Exception... "Component returned failure code: 0x80470002 (NS_BASE_STREAM_CLOSED) [nsIInputStream.available]"  nsresult: "0x80470002 (NS_BASE_STREAM_CLOSED)"  location: "JS frame :: resource://devtools/shared/DevToolsUtils.js :: onResponse :: line 567"  data: no]
Stack: onResponse@resource://devtools/shared/DevToolsUtils.js:567:34
onStopRequest@resource://gre/modules/NetUtil.jsm:128:18
Line: 567, column: 0
console.error: ({})
SourceActor threw an exception: [Exception... "Component returned failure code: 0x80470002 (NS_BASE_STREAM_CLOSED) [nsIInputStream.available]"  nsresult: "0x80470002 (NS_BASE_STREAM_CLOSED)"  location: "JS frame :: resource://devtools/shared/DevToolsUtils.js :: onResponse :: line 567"  data: no]
Stack: onResponse@resource://devtools/shared/DevToolsUtils.js:567:34
onStopRequest@resource://gre/modules/NetUtil.jsm:128:18
Line: 567, column: 0
console.error: ({})
JavaScript error: resource://devtools/shared/DevToolsUtils.js, line 567: NS_BASE_STREAM_CLOSED: Component returned failure code: 0x80470002 (NS_BASE_STREAM_CLOSED) [nsIInputStream.available]
JavaScript error: resource://devtools/shared/DevToolsUtils.js, line 567: NS_BASE_STREAM_CLOSED: Component returned failure code: 0x80470002 (NS_BASE_STREAM_CLOSED) [nsIInputStream.available]
1634501897010	Marionette	INFO	Stopped listening on port 43701
JavaScript error: resource:///modules/Interactions.jsm, line 201: NS_ERROR_FAILURE: Component returned failure code: 0x80004005 (NS_ERROR_FAILURE) [nsIUserIdleService.removeIdleObserver]
console.warn: TopSitesFeed: Failed to fetch data from Contile server: NetworkError when attempting to fetch resource.

###!!! [Parent][RunMessage] Error: Channel closing: too late to send/recv, messages will be lost

1634501911272	geckodriver	INFO	Listening on 127.0.0.1:44083
1634501911279	mozrunner::runner	INFO	Running command: "/usr/bin/firefox" "--marionette" "--remote-debugging-port" "35659" "-no-remote" "-profile" "/tmp/rust_mozprofileM97bzO"
1634501912311	Marionette	INFO	Marionette enabled
console.warn: SearchSettings: "get: No settings file exists, new profile?" (new NotFoundError("Could not open the file at /tmp/rust_mozprofileM97bzO/search.json.mozlz4", (void 0)))
DevTools listening on ws://localhost:35659/devtools/browser/f47f4b74-19b2-4561-8530-e83907e4be38
1634501913925	Marionette	INFO	Listening on port 38555
1634501914008	RemoteAgent	WARN	TLS certificate errors will be ignored for this session
JavaScript error: , line 0: uncaught exception: undefined
1634501929185	Marionette	INFO	Stopped listening on port 38555
JavaScript error: resource:///modules/Interactions.jsm, line 201: NS_ERROR_FAILURE: Component returned failure code: 0x80004005 (NS_ERROR_FAILURE) [nsIUserIdleService.removeIdleObserver]
console.warn: TopSitesFeed: Failed to fetch data from Contile server: NetworkError when attempting to fetch resource.
1634501949586	geckodriver	INFO	Listening on 127.0.0.1:47717
1634501949593	mozrunner::runner	INFO	Running command: "/usr/bin/firefox" "--marionette" "--remote-debugging-port" "44879" "-no-remote" "-profile" "/tmp/rust_mozprofile9WFhaL"
1634501950625	Marionette	INFO	Marionette enabled
console.warn: SearchSettings: "get: No settings file exists, new profile?" (new NotFoundError("Could not open the file at /tmp/rust_mozprofile9WFhaL/search.json.mozlz4", (void 0)))
DevTools listening on ws://localhost:44879/devtools/browser/bf3c87d8-9d6b-4bec-91f1-4024c35bcbba
1634501952313	Marionette	INFO	Listening on port 43779
1634501952434	RemoteAgent	WARN	TLS certificate errors will be ignored for this session
JavaScript error: , line 0: uncaught exception: undefined
1634502022328	Marionette	INFO	Stopped listening on port 43779
JavaScript error: resource:///modules/Interactions.jsm, line 201: NS_ERROR_FAILURE: Component returned failure code: 0x80004005 (NS_ERROR_FAILURE) [nsIUserIdleService.removeIdleObserver]
console.warn: TopSitesFeed: Failed to fetch data from Contile server: NetworkError when attempting to fetch resource.

###!!! [Parent][RunMessage] Error: Channel closing: too late to send/recv, messages will be lost

1634502076635	geckodriver	INFO	Listening on 127.0.0.1:38693
1634502076641	mozrunner::runner	INFO	Running command: "/usr/bin/firefox" "--marionette" "--remote-debugging-port" "47179" "-no-remote" "-profile" "/tmp/rust_mozprofile3YdZlu"
1634502077645	Marionette	INFO	Marionette enabled
console.warn: SearchSettings: "get: No settings file exists, new profile?" (new NotFoundError("Could not open the file at /tmp/rust_mozprofile3YdZlu/search.json.mozlz4", (void 0)))
DevTools listening on ws://localhost:47179/devtools/browser/d50579de-4d33-4345-82e2-b64788d1d504
1634502079310	Marionette	INFO	Listening on port 43815
1634502079390	RemoteAgent	WARN	TLS certificate errors will be ignored for this session
JavaScript error: , line 0: uncaught exception: undefined
SourceActor threw an exception: [Exception... "Component returned failure code: 0x80470002 (NS_BASE_STREAM_CLOSED) [nsIInputStream.available]"  nsresult: "0x80470002 (NS_BASE_STREAM_CLOSED)"  location: "JS frame :: resource://devtools/shared/DevToolsUtils.js :: onResponse :: line 567"  data: no]
Stack: onResponse@resource://devtools/shared/DevToolsUtils.js:567:34
onStopRequest@resource://gre/modules/NetUtil.jsm:128:18
Line: 567, column: 0
console.error: ({})
JavaScript error: resource://devtools/shared/DevToolsUtils.js, line 567: NS_BASE_STREAM_CLOSED: Component returned failure code: 0x80470002 (NS_BASE_STREAM_CLOSED) [nsIInputStream.available]
SourceActor threw an exception: [Exception... "Component returned failure code: 0x80470002 (NS_BASE_STREAM_CLOSED) [nsIInputStream.available]"  nsresult: "0x80470002 (NS_BASE_STREAM_CLOSED)"  location: "JS frame :: resource://devtools/shared/DevToolsUtils.js :: onResponse :: line 567"  data: no]
Stack: onResponse@resource://devtools/shared/DevToolsUtils.js:567:34
onStopRequest@resource://gre/modules/NetUtil.jsm:128:18
Line: 567, column: 0
console.error: ({})
JavaScript error: resource://devtools/shared/DevToolsUtils.js, line 567: NS_BASE_STREAM_CLOSED: Component returned failure code: 0x80470002 (NS_BASE_STREAM_CLOSED) [nsIInputStream.available]
1634502316246	geckodriver	INFO	Listening on 127.0.0.1:46669
1634502316254	mozrunner::runner	INFO	Running command: "/usr/bin/firefox" "--marionette" "--remote-debugging-port" "47479" "-no-remote" "-profile" "/tmp/rust_mozprofilegZELWL"
1634502317549	Marionette	INFO	Marionette enabled
console.warn: SearchSettings: "get: No settings file exists, new profile?" (new NotFoundError("Could not open the file at /tmp/rust_mozprofilegZELWL/search.json.mozlz4", (void 0)))
DevTools listening on ws://localhost:47479/devtools/browser/dc1743da-f997-49b9-90de-69ec674531bb
1634502320065	Marionette	INFO	Listening on port 35127
1634502320192	RemoteAgent	WARN	TLS certificate errors will be ignored for this session
JavaScript error: , line 0: uncaught exception: undefined
1634502341375	Marionette	INFO	Stopped listening on port 35127
JavaScript error: resource:///modules/Interactions.jsm, line 201: NS_ERROR_FAILURE: Component returned failure code: 0x80004005 (NS_ERROR_FAILURE) [nsIUserIdleService.removeIdleObserver]

###!!! [Child][MessageChannel] Error: (msgtype=0x5B000C,name=PHttpChannel::Msg___delete__) Channel closing: too late to send/recv, messages will be lost

console.warn: TopSitesFeed: Failed to fetch data from Contile server: NetworkError when attempting to fetch resource.
1634502435660	geckodriver	INFO	Listening on 127.0.0.1:50245
1634502436160	mozrunner::runner	INFO	Running command: "/usr/bin/firefox" "--marionette" "--remote-debugging-port" "39427" "-no-remote" "-profile" "/tmp/rust_mozprofilejJGdw6"
1634502437330	Marionette	INFO	Marionette enabled
console.warn: SearchSettings: "get: No settings file exists, new profile?" (new NotFoundError("Could not open the file at /tmp/rust_mozprofilejJGdw6/search.json.mozlz4", (void 0)))
DevTools listening on ws://localhost:39427/devtools/browser/ab5cb359-034e-49a8-a02d-26088ed304a3
1634502439152	Marionette	INFO	Listening on port 34977
1634502439226	RemoteAgent	WARN	TLS certificate errors will be ignored for this session
JavaScript error: , line 0: uncaught exception: undefined
console.log: WebExtensions: reset-default-search: starting.
console.log: WebExtensions: reset-default-search: No addons in our list are installed.
SourceActor threw an exception: [Exception... "Component returned failure code: 0x80470002 (NS_BASE_STREAM_CLOSED) [nsIInputStream.available]"  nsresult: "0x80470002 (NS_BASE_STREAM_CLOSED)"  location: "JS frame :: resource://devtools/shared/DevToolsUtils.js :: onResponse :: line 567"  data: no]
Stack: onResponse@resource://devtools/shared/DevToolsUtils.js:567:34
onStopRequest@resource://gre/modules/NetUtil.jsm:128:18
Line: 567, column: 0
console.error: ({})
JavaScript error: resource://devtools/shared/DevToolsUtils.js, line 567: NS_BASE_STREAM_CLOSED: Component returned failure code: 0x80470002 (NS_BASE_STREAM_CLOSED) [nsIInputStream.available]
SourceActor threw an exception: [Exception... "Component returned failure code: 0x80470002 (NS_BASE_STREAM_CLOSED) [nsIInputStream.available]"  nsresult: "0x80470002 (NS_BASE_STREAM_CLOSED)"  location: "JS frame :: resource://devtools/shared/DevToolsUtils.js :: onResponse :: line 567"  data: no]
Stack: onResponse@resource://devtools/shared/DevToolsUtils.js:567:34
onStopRequest@resource://gre/modules/NetUtil.jsm:128:18
Line: 567, column: 0
console.error: ({})
JavaScript error: resource://devtools/shared/DevToolsUtils.js, line 567: NS_BASE_STREAM_CLOSED: Component returned failure code: 0x80470002 (NS_BASE_STREAM_CLOSED) [nsIInputStream.available]
1634502555493	Marionette	INFO	Stopped listening on port 43815
JavaScript error: resource:///modules/Interactions.jsm, line 201: NS_ERROR_FAILURE: Component returned failure code: 0x80004005 (NS_ERROR_FAILURE) [nsIUserIdleService.removeIdleObserver]
console.warn: TopSitesFeed: Failed to fetch data from Contile server: NetworkError when attempting to fetch resource.

###!!! [Parent][RunMessage] Error: Channel closing: too late to send/recv, messages will be lost

console.log: WebExtensions: reset-default-search: starting.
console.log: WebExtensions: reset-default-search: No addons in our list are installed.
1634503503212	geckodriver	INFO	Listening on 127.0.0.1:60081
1634503503220	mozrunner::runner	INFO	Running command: "/usr/bin/firefox" "--marionette" "--remote-debugging-port" "45431" "-no-remote" "-profile" "/tmp/rust_mozprofiletj7Gir"
1634503505073	Marionette	INFO	Marionette enabled
console.warn: SearchSettings: "get: No settings file exists, new profile?" (new NotFoundError("Could not open the file at /tmp/rust_mozprofiletj7Gir/search.json.mozlz4", (void 0)))
DevTools listening on ws://localhost:45431/devtools/browser/42913dc6-8ef8-43a2-8173-d3993c9bc2fc
1634503506882	Marionette	INFO	Listening on port 38823
1634503506948	RemoteAgent	WARN	TLS certificate errors will be ignored for this session
JavaScript error: , line 0: uncaught exception: undefined
1634503768023	geckodriver	INFO	Listening on 127.0.0.1:41585
1634503768031	mozrunner::runner	INFO	Running command: "/usr/bin/firefox" "--marionette" "--remote-debugging-port" "58937" "-no-remote" "-profile" "/tmp/rust_mozprofilekqRtXi"
1634503769473	Marionette	INFO	Marionette enabled
console.warn: SearchSettings: "get: No settings file exists, new profile?" (new NotFoundError("Could not open the file at /tmp/rust_mozprofilekqRtXi/search.json.mozlz4", (void 0)))
DevTools listening on ws://localhost:58937/devtools/browser/8453981b-3482-4878-b3e7-2d1f4085bc45
1634503774041	Marionette	INFO	Listening on port 46125
1634503774071	RemoteAgent	WARN	TLS certificate errors will be ignored for this session
JavaScript error: , line 0: uncaught exception: undefined
1634503821959	Marionette	INFO	Stopped listening on port 46125
JavaScript error: resource:///modules/Interactions.jsm, line 201: NS_ERROR_FAILURE: Component returned failure code: 0x80004005 (NS_ERROR_FAILURE) [nsIUserIdleService.removeIdleObserver]
console.warn: TopSitesFeed: Failed to fetch data from Contile server: NetworkError when attempting to fetch resource.

###!!! [Parent][RunMessage] Error: Channel closing: too late to send/recv, messages will be lost

console.warn: "Async method failed in safeAsyncMethod" (new Error("Connection closed, pending request to server0.conn0.windowGlobal6442450945/domwalker24, type cancelPick failed\n\nRequest stack:\nrequest@resource://devtools/shared/protocol/Front.js:292:14\ngenerateRequestMethods/</frontProto[name]@resource://devtools/shared/protocol/Front/FrontClassWithSpec.js:46:19\ncancelPick@resource://devtools/client/fronts/walker.js:506:18\nexports.safeAsyncMethod/<@resource://devtools/shared/async-utils.js:61:25\n_onInspectorFrontDestroyed@resource://devtools/client/inspector/node-picker.js:113:18\nstop@resource://devtools/client/inspector/node-picker.js:176:18\n_destroyToolbox@resource://devtools/client/framework/toolbox.js:3734:24\ndestroy@resource://devtools/client/framework/toolbox.js:3672:10\n_forgetBrowserWindow@resource://devtools/client/framework/devtools-browser.js:702:17\nhandleEvent@resource://devtools/client/framework/devtools-browser.js:723:26\n", "resource://devtools/shared/protocol/Front.js", 106))
1634503824788	Marionette	INFO	Stopped listening on port 34977
JavaScript error: resource:///modules/Interactions.jsm, line 201: NS_ERROR_FAILURE: Component returned failure code: 0x80004005 (NS_ERROR_FAILURE) [nsIUserIdleService.removeIdleObserver]
console.warn: TopSitesFeed: Failed to fetch data from Contile server: NetworkError when attempting to fetch resource.

###!!! [Parent][RunMessage] Error: Channel closing: too late to send/recv, messages will be lost

1634503827897	Marionette	INFO	Stopped listening on port 38823
JavaScript error: resource:///modules/Interactions.jsm, line 201: NS_ERROR_FAILURE: Component returned failure code: 0x80004005 (NS_ERROR_FAILURE) [nsIUserIdleService.removeIdleObserver]
console.warn: TopSitesFeed: Failed to fetch data from Contile server: NetworkError when attempting to fetch resource.
1634503847831	geckodriver	INFO	Listening on 127.0.0.1:44389
1634503848310	mozrunner::runner	INFO	Running command: "/usr/bin/firefox" "--marionette" "--remote-debugging-port" "56793" "-no-remote" "-profile" "/tmp/rust_mozprofileNtsVGt"
1634503850884	Marionette	INFO	Marionette enabled
console.warn: SearchSettings: "get: No settings file exists, new profile?" (new NotFoundError("Could not open the file at /tmp/rust_mozprofileNtsVGt/search.json.mozlz4", (void 0)))
DevTools listening on ws://localhost:56793/devtools/browser/3a28e29b-8dd7-47aa-a5c4-0278f88acc42
1634503852744	Marionette	INFO	Listening on port 43591
1634503852842	RemoteAgent	WARN	TLS certificate errors will be ignored for this session
JavaScript error: , line 0: uncaught exception: undefined
1634503885351	Marionette	INFO	Stopped listening on port 43591
JavaScript error: resource:///modules/Interactions.jsm, line 201: NS_ERROR_FAILURE: Component returned failure code: 0x80004005 (NS_ERROR_FAILURE) [nsIUserIdleService.removeIdleObserver]
console.warn: TopSitesFeed: Failed to fetch data from Contile server: NetworkError when attempting to fetch resource.
1634503924611	geckodriver	INFO	Listening on 127.0.0.1:41189
1634503924619	mozrunner::runner	INFO	Running command: "/usr/bin/firefox" "--marionette" "--remote-debugging-port" "36909" "-no-remote" "-profile" "/tmp/rust_mozprofileAlCejk"
1634503925669	Marionette	INFO	Marionette enabled
console.warn: SearchSettings: "get: No settings file exists, new profile?" (new NotFoundError("Could not open the file at /tmp/rust_mozprofileAlCejk/search.json.mozlz4", (void 0)))
DevTools listening on ws://localhost:36909/devtools/browser/c6b64e33-42f7-4321-abb1-274ae8f6c1bc
1634503927348	Marionette	INFO	Listening on port 39271
1634503927475	RemoteAgent	WARN	TLS certificate errors will be ignored for this session
JavaScript error: , line 0: uncaught exception: undefined
SourceActor threw an exception: [Exception... "Component returned failure code: 0x80470002 (NS_BASE_STREAM_CLOSED) [nsIInputStream.available]"  nsresult: "0x80470002 (NS_BASE_STREAM_CLOSED)"  location: "JS frame :: resource://devtools/shared/DevToolsUtils.js :: onResponse :: line 567"  data: no]
Stack: onResponse@resource://devtools/shared/DevToolsUtils.js:567:34
onStopRequest@resource://gre/modules/NetUtil.jsm:128:18
Line: 567, column: 0
console.error: ({})
SourceActor threw an exception: [Exception... "Component returned failure code: 0x80470002 (NS_BASE_STREAM_CLOSED) [nsIInputStream.available]"  nsresult: "0x80470002 (NS_BASE_STREAM_CLOSED)"  location: "JS frame :: resource://devtools/shared/DevToolsUtils.js :: onResponse :: line 567"  data: no]
Stack: onResponse@resource://devtools/shared/DevToolsUtils.js:567:34
onStopRequest@resource://gre/modules/NetUtil.jsm:128:18
Line: 567, column: 0
console.error: ({})
JavaScript error: resource://devtools/shared/DevToolsUtils.js, line 567: NS_BASE_STREAM_CLOSED: Component returned failure code: 0x80470002 (NS_BASE_STREAM_CLOSED) [nsIInputStream.available]
JavaScript error: resource://devtools/shared/DevToolsUtils.js, line 567: NS_BASE_STREAM_CLOSED: Component returned failure code: 0x80470002 (NS_BASE_STREAM_CLOSED) [nsIInputStream.available]
1634504120646	geckodriver	INFO	Listening on 127.0.0.1:52149
1634504120652	mozrunner::runner	INFO	Running command: "/usr/bin/firefox" "--marionette" "--remote-debugging-port" "48419" "-no-remote" "-profile" "/tmp/rust_mozprofile8rysCw"
1634504121744	Marionette	INFO	Marionette enabled
console.warn: SearchSettings: "get: No settings file exists, new profile?" (new NotFoundError("Could not open the file at /tmp/rust_mozprofile8rysCw/search.json.mozlz4", (void 0)))
DevTools listening on ws://localhost:48419/devtools/browser/b43e75f8-5839-4a38-8ee5-fe264632f042
1634504123677	Marionette	INFO	Listening on port 36065
1634504123793	RemoteAgent	WARN	TLS certificate errors will be ignored for this session
JavaScript error: , line 0: uncaught exception: undefined
1634504232088	Marionette	INFO	Stopped listening on port 36065
JavaScript error: resource:///modules/Interactions.jsm, line 201: NS_ERROR_FAILURE: Component returned failure code: 0x80004005 (NS_ERROR_FAILURE) [nsIUserIdleService.removeIdleObserver]
console.warn: TopSitesFeed: Failed to fetch data from Contile server: NetworkError when attempting to fetch resource.

###!!! [Parent][RunMessage] Error: Channel closing: too late to send/recv, messages will be lost

1634504242910	geckodriver	INFO	Listening on 127.0.0.1:40271
1634504242919	mozrunner::runner	INFO	Running command: "/usr/bin/firefox" "--marionette" "--remote-debugging-port" "44467" "-no-remote" "-profile" "/tmp/rust_mozprofileMuEDyc"
1634504243908	Marionette	INFO	Marionette enabled
console.warn: SearchSettings: "get: No settings file exists, new profile?" (new NotFoundError("Could not open the file at /tmp/rust_mozprofileMuEDyc/search.json.mozlz4", (void 0)))
DevTools listening on ws://localhost:44467/devtools/browser/faf86290-20ea-4da3-a03d-8bfd24ae9e56
1634504245593	Marionette	INFO	Listening on port 40281
1634504245646	RemoteAgent	WARN	TLS certificate errors will be ignored for this session
JavaScript error: , line 0: uncaught exception: undefined
1634504264823	Marionette	INFO	Stopped listening on port 40281
JavaScript error: resource:///modules/Interactions.jsm, line 201: NS_ERROR_FAILURE: Component returned failure code: 0x80004005 (NS_ERROR_FAILURE) [nsIUserIdleService.removeIdleObserver]
console.warn: TopSitesFeed: Failed to fetch data from Contile server: NetworkError when attempting to fetch resource.

###!!! [Parent][RunMessage] Error: Channel closing: too late to send/recv, messages will be lost

console.log: WebExtensions: reset-default-search: starting.
console.log: WebExtensions: reset-default-search: No addons in our list are installed.
1634504362011	geckodriver	INFO	Listening on 127.0.0.1:34663
1634504362019	mozrunner::runner	INFO	Running command: "/usr/bin/firefox" "--marionette" "--remote-debugging-port" "39189" "-no-remote" "-profile" "/tmp/rust_mozprofilecSYnhh"
1634504363186	Marionette	INFO	Marionette enabled
console.warn: SearchSettings: "get: No settings file exists, new profile?" (new NotFoundError("Could not open the file at /tmp/rust_mozprofilecSYnhh/search.json.mozlz4", (void 0)))
DevTools listening on ws://localhost:39189/devtools/browser/7a80f524-72f0-49b7-96ca-7825470868c5
1634504365047	Marionette	INFO	Listening on port 36907
1634504365168	RemoteAgent	WARN	TLS certificate errors will be ignored for this session
JavaScript error: , line 0: uncaught exception: undefined
1634504386485	Marionette	INFO	Stopped listening on port 36907
JavaScript error: resource:///modules/Interactions.jsm, line 201: NS_ERROR_FAILURE: Component returned failure code: 0x80004005 (NS_ERROR_FAILURE) [nsIUserIdleService.removeIdleObserver]
console.warn: TopSitesFeed: Failed to fetch data from Contile server: NetworkError when attempting to fetch resource.

###!!! [Parent][RunMessage] Error: Channel closing: too late to send/recv, messages will be lost

JavaScript error: https://www.instagram.com/static/bundles/es6/ConsumerLibCommons.js/7be6bd597615.js, line 452: uncaught exception: undefined
1634504582184	geckodriver	INFO	Listening on 127.0.0.1:46731
1634504582191	mozrunner::runner	INFO	Running command: "/usr/bin/firefox" "--marionette" "--remote-debugging-port" "48391" "-no-remote" "-profile" "/tmp/rust_mozprofile6GKl1q"
1634504583227	Marionette	INFO	Marionette enabled
console.warn: SearchSettings: "get: No settings file exists, new profile?" (new NotFoundError("Could not open the file at /tmp/rust_mozprofile6GKl1q/search.json.mozlz4", (void 0)))
DevTools listening on ws://localhost:48391/devtools/browser/167f7320-9f55-4d72-a455-4dabb3ecb85d
1634504584838	Marionette	INFO	Listening on port 38825
1634504584915	RemoteAgent	WARN	TLS certificate errors will be ignored for this session
JavaScript error: , line 0: uncaught exception: undefined
1634504619624	Marionette	INFO	Stopped listening on port 38825
JavaScript error: resource:///modules/Interactions.jsm, line 201: NS_ERROR_FAILURE: Component returned failure code: 0x80004005 (NS_ERROR_FAILURE) [nsIUserIdleService.removeIdleObserver]
console.warn: TopSitesFeed: Failed to fetch data from Contile server: NetworkError when attempting to fetch resource.

###!!! [Parent][RunMessage] Error: Channel closing: too late to send/recv, messages will be lost

1634504623076	Marionette	INFO	Stopped listening on port 39271
JavaScript error: resource:///modules/Interactions.jsm, line 201: NS_ERROR_FAILURE: Component returned failure code: 0x80004005 (NS_ERROR_FAILURE) [nsIUserIdleService.removeIdleObserver]

###!!! [Child][MessageChannel] Error: (msgtype=0x5B000C,name=PHttpChannel::Msg___delete__) Channel closing: too late to send/recv, messages will be lost

console.warn: TopSitesFeed: Failed to fetch data from Contile server: NetworkError when attempting to fetch resource.

###!!! [Parent][RunMessage] Error: Channel closing: too late to send/recv, messages will be lost

1634504854294	geckodriver	INFO	Listening on 127.0.0.1:53769
1634504854302	mozrunner::runner	INFO	Running command: "/usr/bin/firefox" "--marionette" "--remote-debugging-port" "41975" "-no-remote" "-profile" "/tmp/rust_mozprofilewZ2ivK"
1634504855410	Marionette	INFO	Marionette enabled
console.warn: SearchSettings: "get: No settings file exists, new profile?" (new NotFoundError("Could not open the file at /tmp/rust_mozprofilewZ2ivK/search.json.mozlz4", (void 0)))
DevTools listening on ws://localhost:41975/devtools/browser/14ca0312-b085-48f0-a35d-829bb11fa1f8
1634504857022	Marionette	INFO	Listening on port 42121
1634504857197	RemoteAgent	WARN	TLS certificate errors will be ignored for this session
JavaScript error: https://www.instagram.com/static/bundles/es6/ConsumerLibCommons.js/7be6bd597615.js, line 452: uncaught exception: undefined
JavaScript error: resource://devtools/client/framework/toolbox.js, line 1942: TypeError: currentPanel is undefined
JavaScript error: resource://devtools/client/fronts/inspector.js, line 262: TypeError: target is null
console.log: WebExtensions: reset-default-search: starting.
console.log: WebExtensions: reset-default-search: No addons in our list are installed.
1634505541286	geckodriver	INFO	Listening on 127.0.0.1:33293
1634505541295	mozrunner::runner	INFO	Running command: "/usr/bin/firefox" "--marionette" "--remote-debugging-port" "33475" "-no-remote" "-profile" "/tmp/rust_mozprofile3VNSrl"
1634505542322	Marionette	INFO	Marionette enabled
console.warn: SearchSettings: "get: No settings file exists, new profile?" (new NotFoundError("Could not open the file at /tmp/rust_mozprofile3VNSrl/search.json.mozlz4", (void 0)))
DevTools listening on ws://localhost:33475/devtools/browser/2b14ae95-d681-4eaf-a120-c1b40f18c088
1634505544099	Marionette	INFO	Listening on port 45973
1634505544135	RemoteAgent	WARN	TLS certificate errors will be ignored for this session
JavaScript error: , line 0: uncaught exception: undefined
1634505614277	Marionette	INFO	Stopped listening on port 45973
JavaScript error: resource:///modules/Interactions.jsm, line 201: NS_ERROR_FAILURE: Component returned failure code: 0x80004005 (NS_ERROR_FAILURE) [nsIUserIdleService.removeIdleObserver]
console.warn: TopSitesFeed: Failed to fetch data from Contile server: NetworkError when attempting to fetch resource.

###!!! [Parent][RunMessage] Error: Channel closing: too late to send/recv, messages will be lost

1634505619374	geckodriver	INFO	Listening on 127.0.0.1:39421
1634505619381	mozrunner::runner	INFO	Running command: "/usr/bin/firefox" "--marionette" "--remote-debugging-port" "43427" "-no-remote" "-profile" "/tmp/rust_mozprofileIV5SL1"
1634505620376	Marionette	INFO	Marionette enabled
console.warn: SearchSettings: "get: No settings file exists, new profile?" (new NotFoundError("Could not open the file at /tmp/rust_mozprofileIV5SL1/search.json.mozlz4", (void 0)))
DevTools listening on ws://localhost:43427/devtools/browser/81a2a317-8f09-4c94-97ad-601360c201c6
1634505621934	Marionette	INFO	Listening on port 42781
1634505622024	RemoteAgent	WARN	TLS certificate errors will be ignored for this session
JavaScript error: , line 0: uncaught exception: undefined
1634505726270	geckodriver	INFO	Listening on 127.0.0.1:38385
1634505726277	mozrunner::runner	INFO	Running command: "/usr/bin/firefox" "--marionette" "--remote-debugging-port" "58995" "-no-remote" "-profile" "/tmp/rust_mozprofilepplAnE"
1634505727252	Marionette	INFO	Marionette enabled
console.warn: SearchSettings: "get: No settings file exists, new profile?" (new NotFoundError("Could not open the file at /tmp/rust_mozprofilepplAnE/search.json.mozlz4", (void 0)))
DevTools listening on ws://localhost:58995/devtools/browser/623d58d0-4dd2-4b14-9754-5cde6e9bfc6f
1634505729039	Marionette	INFO	Listening on port 42565
1634505729115	RemoteAgent	WARN	TLS certificate errors will be ignored for this session
JavaScript error: , line 0: uncaught exception: undefined
1634505738627	Marionette	INFO	Stopped listening on port 42565
JavaScript error: resource:///modules/Interactions.jsm, line 201: NS_ERROR_FAILURE: Component returned failure code: 0x80004005 (NS_ERROR_FAILURE) [nsIUserIdleService.removeIdleObserver]
1634505812671	geckodriver	INFO	Listening on 127.0.0.1:38071
1634505812679	mozrunner::runner	INFO	Running command: "/usr/bin/firefox" "--marionette" "--remote-debugging-port" "40115" "-no-remote" "-profile" "/tmp/rust_mozprofileTUMrXI"
1634505813728	Marionette	INFO	Marionette enabled
console.warn: SearchSettings: "get: No settings file exists, new profile?" (new NotFoundError("Could not open the file at /tmp/rust_mozprofileTUMrXI/search.json.mozlz4", (void 0)))
DevTools listening on ws://localhost:40115/devtools/browser/16229c60-dd80-44f7-a912-d4b1e76964dc
1634505815470	Marionette	INFO	Listening on port 40525
1634505815510	RemoteAgent	WARN	TLS certificate errors will be ignored for this session
JavaScript error: , line 0: uncaught exception: undefined
1634505824822	Marionette	INFO	Stopped listening on port 40525
JavaScript error: resource:///modules/Interactions.jsm, line 201: NS_ERROR_FAILURE: Component returned failure code: 0x80004005 (NS_ERROR_FAILURE) [nsIUserIdleService.removeIdleObserver]

###!!! [Parent][RunMessage] Error: Channel closing: too late to send/recv, messages will be lost

1634505934995	Marionette	INFO	Stopped listening on port 42781
JavaScript error: resource:///modules/Interactions.jsm, line 201: NS_ERROR_FAILURE: Component returned failure code: 0x80004005 (NS_ERROR_FAILURE) [nsIUserIdleService.removeIdleObserver]
console.warn: TopSitesFeed: Failed to fetch data from Contile server: NetworkError when attempting to fetch resource.

###!!! [Parent][RunMessage] Error: Channel closing: too late to send/recv, messages will be lost

console.error: (new TypeError("nodeFront.walkerFront is null", "resource://devtools/client/inspector/markup/markup.js", 951))
TypeError: nodeFront.walkerFront is null: _onNewSelection@resource://devtools/client/inspector/markup/markup.js:951:7
_emit@resource://devtools/shared/event-emitter.js:244:34
emit@resource://devtools/shared/event-emitter.js:190:18
emit@resource://devtools/shared/event-emitter.js:342:18
setNodeFront@resource://devtools/client/framework/selection.js:161:10
onDetached@resource://devtools/client/inspector/inspector.js:1650:20
_emit@resource://devtools/shared/event-emitter.js:244:34
emit@resource://devtools/shared/event-emitter.js:190:18
emit@resource://devtools/shared/event-emitter.js:342:18
_onMutations@resource://devtools/client/framework/selection.js:104:12
_emit@resource://devtools/shared/event-emitter.js:244:34
emit@resource://devtools/shared/event-emitter.js:190:18
emit@resource://devtools/shared/event-emitter.js:342:18
getMutations@resource://devtools/client/fronts/walker.js:311:10

console.error: (new Error("Can not send request 'getAllSelectors' because front 'domnode' is already destroyed.", "resource://devtools/shared/protocol/Front/FrontClassWithSpec.js", 28))
Error: Can not send request 'getAllSelectors' because front 'domnode' is already destroyed.: generateRequestMethods/</frontProto[name]@resource://devtools/shared/protocol/Front/FrontClassWithSpec.js:28:15
updateSelectionCssSelectors@resource://devtools/client/inspector/inspector.js:1451:32
onNewSelection@resource://devtools/client/inspector/inspector.js:1522:10
_emit@resource://devtools/shared/event-emitter.js:244:34
emit@resource://devtools/shared/event-emitter.js:190:18
emit@resource://devtools/shared/event-emitter.js:342:18
setNodeFront@resource://devtools/client/framework/selection.js:161:10
onDetached@resource://devtools/client/inspector/inspector.js:1650:20
_emit@resource://devtools/shared/event-emitter.js:244:34
emit@resource://devtools/shared/event-emitter.js:190:18
emit@resource://devtools/shared/event-emitter.js:342:18
_onMutations@resource://devtools/client/framework/selection.js:104:12
_emit@resource://devtools/shared/event-emitter.js:244:34
emit@resource://devtools/shared/event-emitter.js:190:18
emit@resource://devtools/shared/event-emitter.js:342:18
getMutations@resource://devtools/client/fronts/walker.js:311:10

console.error: (new TypeError("container.node.targetFront is null", "resource://devtools/client/inspector/markup/markup.js", 2309))
JavaScript error: https://www.instagram.com/static/bundles/es6/ConsumerLibCommons.js/7be6bd597615.js, line 452: uncaught exception: undefined
JavaScript error: https://www.fbsbx.com/captcha/recaptcha/iframe/?compact=0&referer=https%3A%2F%2Fwww.instagram.com&locale=en_US&__cci=ig_captcha_iframe, line 5: ReferenceError: requireLazy is not defined
JavaScript error: https://www.fbsbx.com/captcha/recaptcha/iframe/?compact=0&referer=https%3A%2F%2Fwww.instagram.com&locale=en_US&__cci=ig_captcha_iframe, line 10: ReferenceError: requireLazy is not defined
JavaScript error: https://www.fbsbx.com/captcha/recaptcha/iframe/?compact=0&referer=https%3A%2F%2Fwww.instagram.com&locale=en_US&__cci=ig_captcha_iframe, line 11: ReferenceError: requireLazy is not defined
JavaScript error: https://www.fbsbx.com/captcha/recaptcha/iframe/?compact=0&referer=https%3A%2F%2Fwww.instagram.com&locale=en_US&__cci=ig_captcha_iframe, line 12: ReferenceError: requireLazy is not defined
JavaScript error: https://www.instagram.com/static/bundles/es6/ConsumerLibCommons.js/7be6bd597615.js, line 452: uncaught exception: undefined
1634506245420	geckodriver	INFO	Listening on 127.0.0.1:37861
1634506245426	mozrunner::runner	INFO	Running command: "/usr/bin/firefox" "--marionette" "--remote-debugging-port" "57067" "-no-remote" "-profile" "/tmp/rust_mozprofilexMHj0z"
1634506246404	Marionette	INFO	Marionette enabled
console.warn: SearchSettings: "get: No settings file exists, new profile?" (new NotFoundError("Could not open the file at /tmp/rust_mozprofilexMHj0z/search.json.mozlz4", (void 0)))
DevTools listening on ws://localhost:57067/devtools/browser/117c3ad3-9f71-4477-b276-bc71a14dee00
1634506248021	Marionette	INFO	Listening on port 33129
1634506248083	RemoteAgent	WARN	TLS certificate errors will be ignored for this session
JavaScript error: , line 0: uncaught exception: undefined
1634506257165	Marionette	INFO	Stopped listening on port 33129
JavaScript error: resource:///modules/Interactions.jsm, line 201: NS_ERROR_FAILURE: Component returned failure code: 0x80004005 (NS_ERROR_FAILURE) [nsIUserIdleService.removeIdleObserver]

###!!! [Parent][RunMessage] Error: Channel closing: too late to send/recv, messages will be lost

JavaScript error: https://www.instagram.com/static/bundles/es6/ConsumerLibCommons.js/7be6bd597615.js, line 452: uncaught exception: undefined
1634506290552	geckodriver	INFO	Listening on 127.0.0.1:41195
1634506290558	mozrunner::runner	INFO	Running command: "/usr/bin/firefox" "--marionette" "--remote-debugging-port" "59833" "-no-remote" "-profile" "/tmp/rust_mozprofile2nnaMT"
1634506291566	Marionette	INFO	Marionette enabled
console.warn: SearchSettings: "get: No settings file exists, new profile?" (new NotFoundError("Could not open the file at /tmp/rust_mozprofile2nnaMT/search.json.mozlz4", (void 0)))
DevTools listening on ws://localhost:59833/devtools/browser/5b6247e7-d379-46aa-94c3-9e711c55049e
1634506293207	Marionette	INFO	Listening on port 39015
1634506293283	RemoteAgent	WARN	TLS certificate errors will be ignored for this session
JavaScript error: , line 0: uncaught exception: undefined
1634506304591	Marionette	INFO	Stopped listening on port 39015
JavaScript error: resource:///modules/Interactions.jsm, line 201: NS_ERROR_FAILURE: Component returned failure code: 0x80004005 (NS_ERROR_FAILURE) [nsIUserIdleService.removeIdleObserver]
1634506330007	geckodriver	INFO	Listening on 127.0.0.1:56315
1634506330014	mozrunner::runner	INFO	Running command: "/usr/bin/firefox" "--marionette" "--remote-debugging-port" "33999" "-no-remote" "-profile" "/tmp/rust_mozprofilenuDtga"
1634506331006	Marionette	INFO	Marionette enabled
console.warn: SearchSettings: "get: No settings file exists, new profile?" (new NotFoundError("Could not open the file at /tmp/rust_mozprofilenuDtga/search.json.mozlz4", (void 0)))
DevTools listening on ws://localhost:33999/devtools/browser/6004e66f-301b-45f9-bb8f-9383205fc1d3
1634506332726	Marionette	INFO	Listening on port 44451
1634506332843	RemoteAgent	WARN	TLS certificate errors will be ignored for this session
JavaScript error: , line 0: uncaught exception: undefined
1634506360527	Marionette	INFO	Stopped listening on port 44451
JavaScript error: resource:///modules/Interactions.jsm, line 201: NS_ERROR_FAILURE: Component returned failure code: 0x80004005 (NS_ERROR_FAILURE) [nsIUserIdleService.removeIdleObserver]
1634506422692	geckodriver	INFO	Listening on 127.0.0.1:59303
1634506422699	mozrunner::runner	INFO	Running command: "/usr/bin/firefox" "--marionette" "--remote-debugging-port" "33037" "-no-remote" "-profile" "/tmp/rust_mozprofileayCLCi"
1634506423716	Marionette	INFO	Marionette enabled
console.warn: SearchSettings: "get: No settings file exists, new profile?" (new NotFoundError("Could not open the file at /tmp/rust_mozprofileayCLCi/search.json.mozlz4", (void 0)))
DevTools listening on ws://localhost:33037/devtools/browser/655632f8-c770-4e43-9a7c-077783b6f8e1
1634506425296	Marionette	INFO	Listening on port 44759
1634506425334	RemoteAgent	WARN	TLS certificate errors will be ignored for this session
JavaScript error: , line 0: uncaught exception: undefined
1634506451148	Marionette	INFO	Stopped listening on port 44759
JavaScript error: resource:///modules/Interactions.jsm, line 201: NS_ERROR_FAILURE: Component returned failure code: 0x80004005 (NS_ERROR_FAILURE) [nsIUserIdleService.removeIdleObserver]
console.warn: TopSitesFeed: Failed to fetch data from Contile server: NetworkError when attempting to fetch resource.

###!!! [Parent][RunMessage] Error: Channel closing: too late to send/recv, messages will be lost

1634506454093	geckodriver	INFO	Listening on 127.0.0.1:43263
1634506454100	mozrunner::runner	INFO	Running command: "/usr/bin/firefox" "--marionette" "--remote-debugging-port" "56539" "-no-remote" "-profile" "/tmp/rust_mozprofilevi4f7T"
1634506455115	Marionette	INFO	Marionette enabled
console.warn: SearchSettings: "get: No settings file exists, new profile?" (new NotFoundError("Could not open the file at /tmp/rust_mozprofilevi4f7T/search.json.mozlz4", (void 0)))
DevTools listening on ws://localhost:56539/devtools/browser/e93372d0-3cbd-42ac-a8e7-17771a387320
1634506456741	Marionette	INFO	Listening on port 37215
1634506456849	RemoteAgent	WARN	TLS certificate errors will be ignored for this session
JavaScript error: , line 0: uncaught exception: undefined
1634506559534	geckodriver	INFO	Listening on 127.0.0.1:43903
1634506559541	mozrunner::runner	INFO	Running command: "/usr/bin/firefox" "--marionette" "--remote-debugging-port" "43953" "-no-remote" "-profile" "/tmp/rust_mozprofilels2LVf"
1634506560549	Marionette	INFO	Marionette enabled
console.warn: SearchSettings: "get: No settings file exists, new profile?" (new NotFoundError("Could not open the file at /tmp/rust_mozprofilels2LVf/search.json.mozlz4", (void 0)))
DevTools listening on ws://localhost:43953/devtools/browser/28900e56-37ac-4c66-9e64-7d933dbd0277
1634506564175	Marionette	INFO	Listening on port 35251
1634506564291	RemoteAgent	WARN	TLS certificate errors will be ignored for this session
JavaScript error: , line 0: uncaught exception: undefined
JavaScript error: https://www.fbsbx.com/captcha/recaptcha/iframe/?compact=0&referer=https%3A%2F%2Fwww.instagram.com&locale=en_US&__cci=ig_captcha_iframe, line 5: ReferenceError: requireLazy is not defined
JavaScript error: https://www.fbsbx.com/captcha/recaptcha/iframe/?compact=0&referer=https%3A%2F%2Fwww.instagram.com&locale=en_US&__cci=ig_captcha_iframe, line 10: ReferenceError: requireLazy is not defined
JavaScript error: https://www.fbsbx.com/captcha/recaptcha/iframe/?compact=0&referer=https%3A%2F%2Fwww.instagram.com&locale=en_US&__cci=ig_captcha_iframe, line 11: ReferenceError: requireLazy is not defined
JavaScript error: https://www.fbsbx.com/captcha/recaptcha/iframe/?compact=0&referer=https%3A%2F%2Fwww.instagram.com&locale=en_US&__cci=ig_captcha_iframe, line 12: ReferenceError: requireLazy is not defined
1634506589537	Marionette	INFO	Stopped listening on port 35251
JavaScript error: resource:///modules/Interactions.jsm, line 201: NS_ERROR_FAILURE: Component returned failure code: 0x80004005 (NS_ERROR_FAILURE) [nsIUserIdleService.removeIdleObserver]
1634506622484	Marionette	INFO	Stopped listening on port 37215
JavaScript error: resource:///modules/Interactions.jsm, line 201: NS_ERROR_FAILURE: Component returned failure code: 0x80004005 (NS_ERROR_FAILURE) [nsIUserIdleService.removeIdleObserver]

###!!! [Child][MessageChannel] Error: (msgtype=0x5B000C,name=PHttpChannel::Msg___delete__) Channel closing: too late to send/recv, messages will be lost

console.warn: TopSitesFeed: Failed to fetch data from Contile server: NetworkError when attempting to fetch resource.

###!!! [Parent][RunMessage] Error: Channel closing: too late to send/recv, messages will be lost

1634506636920	Marionette	INFO	Stopped listening on port 42121
JavaScript error: resource:///modules/Interactions.jsm, line 201: NS_ERROR_FAILURE: Component returned failure code: 0x80004005 (NS_ERROR_FAILURE) [nsIUserIdleService.removeIdleObserver]
console.warn: TopSitesFeed: Failed to fetch data from Contile server: NetworkError when attempting to fetch resource.

###!!! [Parent][RunMessage] Error: Channel closing: too late to send/recv, messages will be lost

1634506803531	geckodriver	INFO	Listening on 127.0.0.1:48119
1634506803544	mozrunner::runner	INFO	Running command: "/usr/bin/firefox" "--marionette" "--remote-debugging-port" "51027" "-no-remote" "-profile" "/tmp/rust_mozprofileM3lhtt"
1634506805474	Marionette	INFO	Marionette enabled
console.warn: SearchSettings: "get: No settings file exists, new profile?" (new NotFoundError("Could not open the file at /tmp/rust_mozprofileM3lhtt/search.json.mozlz4", (void 0)))
DevTools listening on ws://localhost:51027/devtools/browser/b7474888-d540-45e0-a09f-a2e544e3c6d2
1634506807055	Marionette	INFO	Listening on port 43207
1634506807195	RemoteAgent	WARN	TLS certificate errors will be ignored for this session
JavaScript error: , line 0: uncaught exception: undefined
SourceActor threw an exception: [Exception... "Component returned failure code: 0x80470002 (NS_BASE_STREAM_CLOSED) [nsIInputStream.available]"  nsresult: "0x80470002 (NS_BASE_STREAM_CLOSED)"  location: "JS frame :: resource://devtools/shared/DevToolsUtils.js :: onResponse :: line 567"  data: no]
Stack: onResponse@resource://devtools/shared/DevToolsUtils.js:567:34
onStopRequest@resource://gre/modules/NetUtil.jsm:128:18
Line: 567, column: 0
console.error: ({})
SourceActor threw an exception: [Exception... "Component returned failure code: 0x80470002 (NS_BASE_STREAM_CLOSED) [nsIInputStream.available]"  nsresult: "0x80470002 (NS_BASE_STREAM_CLOSED)"  location: "JS frame :: resource://devtools/shared/DevToolsUtils.js :: onResponse :: line 567"  data: no]
Stack: onResponse@resource://devtools/shared/DevToolsUtils.js:567:34
onStopRequest@resource://gre/modules/NetUtil.jsm:128:18
Line: 567, column: 0
console.error: ({})
JavaScript error: resource://devtools/shared/DevToolsUtils.js, line 567: NS_BASE_STREAM_CLOSED: Component returned failure code: 0x80470002 (NS_BASE_STREAM_CLOSED) [nsIInputStream.available]
JavaScript error: resource://devtools/shared/DevToolsUtils.js, line 567: NS_BASE_STREAM_CLOSED: Component returned failure code: 0x80470002 (NS_BASE_STREAM_CLOSED) [nsIInputStream.available]
1634506831310	Marionette	INFO	Stopped listening on port 43207
console.warn: "Async method failed in safeAsyncMethod" (new Error("Connection closed, pending request to server0.conn0.windowGlobal6442450945/customhighlighter64, type hide failed\n\nRequest stack:\nrequest@resource://devtools/shared/protocol/Front.js:292:14\ngenerateRequestMethods/</frontProto[name]@resource://devtools/shared/protocol/Front/FrontClassWithSpec.js:46:19\nhide@resource://devtools/client/fronts/highlighters.js:32:18\nexports.safeAsyncMethod/<@resource://devtools/shared/async-utils.js:61:25\nhideHighlighterType@resource://devtools/client/inspector/shared/highlighters-overlay.js:640:23\nexports.safeAsyncMethod/<@resource://devtools/shared/async-utils.js:61:25\n_hideBoxModel@resource://devtools/client/inspector/markup/markup.js:731:40\n_onMouseOut@resource://devtools/client/inspector/markup/markup.js:699:16\nobserve@resource://gre/modules/AsyncShutdown.jsm:575:16\nGeckoDriver.prototype.quit@chrome://remote/content/marionette/driver.js:2662:20\ndespatch@chrome://remote/content/marionette/server.js:306:40\nexecute@chrome://remote/content/marionette/server.js:279:16\nonPacket/<@chrome://remote/content/marionette/server.js:252:20\nonPacket@chrome://remote/content/marionette/server.js:253:9\n_onJSONObjectReady/<@chrome://remote/content/marionette/transport.js:500:20\n", "resource://devtools/shared/protocol/Front.js", 106))
JavaScript error: , line 0: NotFoundError: No such JSWindowActor 'DevToolsFrame'
JavaScript error: resource:///modules/Interactions.jsm, line 201: NS_ERROR_FAILURE: Component returned failure code: 0x80004005 (NS_ERROR_FAILURE) [nsIUserIdleService.removeIdleObserver]

###!!! [Parent][RunMessage] Error: Channel closing: too late to send/recv, messages will be lost

1634506971345	geckodriver	INFO	Listening on 127.0.0.1:52309
1634506971351	mozrunner::runner	INFO	Running command: "/usr/bin/firefox" "--marionette" "--remote-debugging-port" "57453" "-no-remote" "-profile" "/tmp/rust_mozprofileIlx8T4"
1634506972330	Marionette	INFO	Marionette enabled
console.warn: SearchSettings: "get: No settings file exists, new profile?" (new NotFoundError("Could not open the file at /tmp/rust_mozprofileIlx8T4/search.json.mozlz4", (void 0)))
DevTools listening on ws://localhost:57453/devtools/browser/d18db6fe-732b-44b5-97be-c38f74c11267
1634506973864	Marionette	INFO	Listening on port 34205
1634506973995	RemoteAgent	WARN	TLS certificate errors will be ignored for this session
JavaScript error: , line 0: uncaught exception: undefined
1634506998900	Marionette	INFO	Stopped listening on port 34205
JavaScript error: resource:///modules/Interactions.jsm, line 201: NS_ERROR_FAILURE: Component returned failure code: 0x80004005 (NS_ERROR_FAILURE) [nsIUserIdleService.removeIdleObserver]

###!!! [Parent][RunMessage] Error: Channel closing: too late to send/recv, messages will be lost

1634507345680	geckodriver	INFO	Listening on 127.0.0.1:41205
1634507345686	mozrunner::runner	INFO	Running command: "/usr/bin/firefox" "--marionette" "--remote-debugging-port" "57859" "-no-remote" "-profile" "/tmp/rust_mozprofile4br9Uk"
1634507346690	Marionette	INFO	Marionette enabled
console.warn: SearchSettings: "get: No settings file exists, new profile?" (new NotFoundError("Could not open the file at /tmp/rust_mozprofile4br9Uk/search.json.mozlz4", (void 0)))
DevTools listening on ws://localhost:57859/devtools/browser/52027991-06f6-42a0-bc92-857574c349d9
1634507348337	Marionette	INFO	Listening on port 33625
1634507348412	RemoteAgent	WARN	TLS certificate errors will be ignored for this session
JavaScript error: , line 0: uncaught exception: undefined
JavaScript error: https://www.fbsbx.com/captcha/recaptcha/iframe/?compact=0&referer=https%3A%2F%2Fwww.instagram.com&locale=en_US&__cci=ig_captcha_iframe, line 5: ReferenceError: requireLazy is not defined
JavaScript error: https://www.fbsbx.com/captcha/recaptcha/iframe/?compact=0&referer=https%3A%2F%2Fwww.instagram.com&locale=en_US&__cci=ig_captcha_iframe, line 10: ReferenceError: requireLazy is not defined
JavaScript error: https://www.fbsbx.com/captcha/recaptcha/iframe/?compact=0&referer=https%3A%2F%2Fwww.instagram.com&locale=en_US&__cci=ig_captcha_iframe, line 11: ReferenceError: requireLazy is not defined
JavaScript error: https://www.fbsbx.com/captcha/recaptcha/iframe/?compact=0&referer=https%3A%2F%2Fwww.instagram.com&locale=en_US&__cci=ig_captcha_iframe, line 12: ReferenceError: requireLazy is not defined
JavaScript error: , line 0: uncaught exception: undefined
1634507453033	Marionette	INFO	Stopped listening on port 33625
JavaScript error: resource:///modules/Interactions.jsm, line 201: NS_ERROR_FAILURE: Component returned failure code: 0x80004005 (NS_ERROR_FAILURE) [nsIUserIdleService.removeIdleObserver]

###!!! [Parent][RunMessage] Error: Channel closing: too late to send/recv, messages will be lost

1634507522389	geckodriver	INFO	Listening on 127.0.0.1:47229
1634507522396	mozrunner::runner	INFO	Running command: "/usr/bin/firefox" "--marionette" "--remote-debugging-port" "52533" "-no-remote" "-profile" "/tmp/rust_mozprofileOfAycF"
1634507523390	Marionette	INFO	Marionette enabled
console.warn: SearchSettings: "get: No settings file exists, new profile?" (new NotFoundError("Could not open the file at /tmp/rust_mozprofileOfAycF/search.json.mozlz4", (void 0)))
DevTools listening on ws://localhost:52533/devtools/browser/fad882fd-4f69-4248-8662-fcd1fb2ded38
1634507525014	Marionette	INFO	Listening on port 34679
1634507525142	RemoteAgent	WARN	TLS certificate errors will be ignored for this session
JavaScript error: , line 0: uncaught exception: undefined
1634507539571	Marionette	INFO	Stopped listening on port 34679
JavaScript error: resource:///modules/Interactions.jsm, line 201: NS_ERROR_FAILURE: Component returned failure code: 0x80004005 (NS_ERROR_FAILURE) [nsIUserIdleService.removeIdleObserver]
console.warn: TopSitesFeed: Failed to fetch data from Contile server: NetworkError when attempting to fetch resource.
JavaScript error: chrome://remote/content/marionette/cert.js, line 55: NS_ERROR_NOT_AVAILABLE: Component returned failure code: 0x80040111 (NS_ERROR_NOT_AVAILABLE) [nsICertOverrideService.setDisableAllSecurityChecksAndLetAttackersInterceptMyData]

###!!! [Parent][RunMessage] Error: Channel closing: too late to send/recv, messages will be lost

1634507554365	geckodriver	INFO	Listening on 127.0.0.1:33267
1634507554371	mozrunner::runner	INFO	Running command: "/usr/bin/firefox" "--marionette" "--remote-debugging-port" "47163" "-no-remote" "-profile" "/tmp/rust_mozprofileGxTrEW"
1634507555381	Marionette	INFO	Marionette enabled
console.warn: SearchSettings: "get: No settings file exists, new profile?" (new NotFoundError("Could not open the file at /tmp/rust_mozprofileGxTrEW/search.json.mozlz4", (void 0)))
DevTools listening on ws://localhost:47163/devtools/browser/a8bd5f37-528e-4de8-ac2e-5b7485534ec3
1634507557013	Marionette	INFO	Listening on port 38387
1634507557133	RemoteAgent	WARN	TLS certificate errors will be ignored for this session
JavaScript error: , line 0: uncaught exception: undefined
JavaScript error: , line 0: uncaught exception: undefined
1634507566679	Marionette	WARN	Ignoring event 'pageshow' because document has an invalid readyState of 'uninitialized'.
JavaScript error: , line 0: uncaught exception: undefined
JavaScript error: https://www.instagram.com/, line 55: TypeError: window.__bufferedErrors is undefined
JavaScript error: https://www.instagram.com/, line 55: TypeError: window.__bufferedErrors is undefined
JavaScript error: https://www.instagram.com/, line 55: TypeError: window.__bufferedErrors is undefined
JavaScript error: https://www.instagram.com/, line 55: TypeError: window.__bufferedErrors is undefined
1634507611534	Marionette	INFO	Stopped listening on port 38387
JavaScript error: resource:///modules/Interactions.jsm, line 201: NS_ERROR_FAILURE: Component returned failure code: 0x80004005 (NS_ERROR_FAILURE) [nsIUserIdleService.removeIdleObserver]
console.warn: TopSitesFeed: Failed to fetch data from Contile server: NetworkError when attempting to fetch resource.
JavaScript error: chrome://remote/content/marionette/cert.js, line 55: NS_ERROR_NOT_AVAILABLE: Component returned failure code: 0x80040111 (NS_ERROR_NOT_AVAILABLE) [nsICertOverrideService.setDisableAllSecurityChecksAndLetAttackersInterceptMyData]

###!!! [Child][RunMessage] Error: Channel closing: too late to send/recv, messages will be lost


###!!! [Child][RunMessage] Error: Channel closing: too late to send/recv, messages will be lost


###!!! [Child][RunMessage] Error: Channel closing: too late to send/recv, messages will be lost


###!!! [Child][RunMessage] Error: Channel closing: too late to send/recv, messages will be lost


###!!! [Child][RunMessage] Error: Channel closing: too late to send/recv, messages will be lost


###!!! [Child][RunMessage] Error: Channel closing: too late to send/recv, messages will be lost


###!!! [Child][RunMessage] Error: Channel closing: too late to send/recv, messages will be lost


###!!! [Child][RunMessage] Error: Channel closing: too late to send/recv, messages will be lost


###!!! [Child][RunMessage] Error: Channel closing: too late to send/recv, messages will be lost


###!!! [Child][RunMessage] Error: Channel closing: too late to send/recv, messages will be lost


###!!! [Child][RunMessage] Error: Channel closing: too late to send/recv, messages will be lost


###!!! [Child][RunMessage] Error: Channel closing: too late to send/recv, messages will be lost


###!!! [Child][RunMessage] Error: Channel closing: too late to send/recv, messages will be lost


###!!! [Child][RunMessage] Error: Channel closing: too late to send/recv, messages will be lost

[Parent 34214, IPC I/O Parent] WARNING: FileDescriptorSet destroyed with unconsumed descriptors: file /build/firefox-FLPiQZ/firefox-93.0+build1/ipc/chromium/src/chrome/common/file_descriptor_set_posix.cc:19
JavaScript error: resource://gre/modules/CrashManager.jsm, line 829: AbortError: IOUtils: Shutting down and refusing additional I/O tasks

###!!! [Parent][RunMessage] Error: Channel closing: too late to send/recv, messages will be lost

1634580107936	geckodriver	INFO	Listening on 127.0.0.1:51991
1634580108362	mozrunner::runner	INFO	Running command: "/usr/bin/firefox" "--marionette" "--remote-debugging-port" "53051" "-no-remote" "-profile" "/tmp/rust_mozprofiledM9amd"
1634580109773	Marionette	INFO	Marionette enabled
console.warn: SearchSettings: "get: No settings file exists, new profile?" (new NotFoundError("Could not open the file at /tmp/rust_mozprofiledM9amd/search.json.mozlz4", (void 0)))
DevTools listening on ws://localhost:53051/devtools/browser/76ed2644-5101-4add-890b-64772aae1727
1634580112424	Marionette	INFO	Listening on port 38759
1634580112503	RemoteAgent	WARN	TLS certificate errors will be ignored for this session
JavaScript error: , line 0: uncaught exception: undefined
1634580138965	Marionette	INFO	Stopped listening on port 38759
JavaScript error: resource:///modules/Interactions.jsm, line 201: NS_ERROR_FAILURE: Component returned failure code: 0x80004005 (NS_ERROR_FAILURE) [nsIUserIdleService.removeIdleObserver]
console.warn: TopSitesFeed: Failed to fetch data from Contile server: NetworkError when attempting to fetch resource.
JavaScript error: chrome://remote/content/marionette/cert.js, line 55: NS_ERROR_NOT_AVAILABLE: Component returned failure code: 0x80040111 (NS_ERROR_NOT_AVAILABLE) [nsICertOverrideService.setDisableAllSecurityChecksAndLetAttackersInterceptMyData]

###!!! [Parent][RunMessage] Error: Channel closing: too late to send/recv, messages will be lost

1634580172990	geckodriver	INFO	Listening on 127.0.0.1:51939
1634580172995	mozrunner::runner	INFO	Running command: "/usr/bin/firefox" "--marionette" "--remote-debugging-port" "56767" "-no-remote" "-profile" "/tmp/rust_mozprofileKJGXTh"
1634580174030	Marionette	INFO	Marionette enabled
console.warn: SearchSettings: "get: No settings file exists, new profile?" (new NotFoundError("Could not open the file at /tmp/rust_mozprofileKJGXTh/search.json.mozlz4", (void 0)))
DevTools listening on ws://localhost:56767/devtools/browser/6329d2ae-8436-4f9c-8425-89e3598fad2f
1634580175582	Marionette	INFO	Listening on port 43441
1634580175644	RemoteAgent	WARN	TLS certificate errors will be ignored for this session
1634580190418	Marionette	INFO	Stopped listening on port 43441
JavaScript error: resource:///modules/Interactions.jsm, line 201: NS_ERROR_FAILURE: Component returned failure code: 0x80004005 (NS_ERROR_FAILURE) [nsIUserIdleService.removeIdleObserver]
console.warn: TopSitesFeed: Failed to fetch data from Contile server: NetworkError when attempting to fetch resource.
JavaScript error: chrome://remote/content/marionette/cert.js, line 55: NS_ERROR_NOT_AVAILABLE: Component returned failure code: 0x80040111 (NS_ERROR_NOT_AVAILABLE) [nsICertOverrideService.setDisableAllSecurityChecksAndLetAttackersInterceptMyData]
1634580226390	geckodriver	INFO	Listening on 127.0.0.1:45287
1634580226396	mozrunner::runner	INFO	Running command: "/usr/bin/firefox" "--marionette" "--remote-debugging-port" "49553" "-no-remote" "-profile" "/tmp/rust_mozprofileEF291e"
1634580227425	Marionette	INFO	Marionette enabled
console.warn: SearchSettings: "get: No settings file exists, new profile?" (new NotFoundError("Could not open the file at /tmp/rust_mozprofileEF291e/search.json.mozlz4", (void 0)))
DevTools listening on ws://localhost:49553/devtools/browser/ed4ec3c5-011e-4362-b048-11b6b5a8ec03
1634580229139	Marionette	INFO	Listening on port 42859
1634580229234	RemoteAgent	WARN	TLS certificate errors will be ignored for this session
JavaScript error: , line 0: uncaught exception: undefined
1634580241530	Marionette	INFO	Stopped listening on port 42859
JavaScript error: resource:///modules/Interactions.jsm, line 201: NS_ERROR_FAILURE: Component returned failure code: 0x80004005 (NS_ERROR_FAILURE) [nsIUserIdleService.removeIdleObserver]
console.warn: TopSitesFeed: Failed to fetch data from Contile server: NetworkError when attempting to fetch resource.
JavaScript error: chrome://remote/content/marionette/cert.js, line 55: NS_ERROR_NOT_AVAILABLE: Component returned failure code: 0x80040111 (NS_ERROR_NOT_AVAILABLE) [nsICertOverrideService.setDisableAllSecurityChecksAndLetAttackersInterceptMyData]
1634580259920	geckodriver	INFO	Listening on 127.0.0.1:41523
1634580259926	mozrunner::runner	INFO	Running command: "/usr/bin/firefox" "--marionette" "--remote-debugging-port" "39515" "-no-remote" "-profile" "/tmp/rust_mozprofiletJAPik"
1634580260968	Marionette	INFO	Marionette enabled
1634580327871	geckodriver	INFO	Listening on 127.0.0.1:36737
1634580327876	mozrunner::runner	INFO	Running command: "/usr/bin/firefox" "--marionette" "--remote-debugging-port" "56663" "-no-remote" "-profile" "/tmp/rust_mozprofilebXURGG"
1634580328903	Marionette	INFO	Marionette enabled
console.warn: SearchSettings: "get: No settings file exists, new profile?" (new NotFoundError("Could not open the file at /tmp/rust_mozprofilebXURGG/search.json.mozlz4", (void 0)))
DevTools listening on ws://localhost:56663/devtools/browser/6cb5c580-e4db-4f3d-b358-f51d28e9d528
1634580330540	Marionette	INFO	Listening on port 33175
1634580330604	RemoteAgent	WARN	TLS certificate errors will be ignored for this session
JavaScript error: , line 0: uncaught exception: undefined
1634580336912	Marionette	INFO	Stopped listening on port 33175
JavaScript error: resource:///modules/Interactions.jsm, line 201: NS_ERROR_FAILURE: Component returned failure code: 0x80004005 (NS_ERROR_FAILURE) [nsIUserIdleService.removeIdleObserver]
JavaScript error: chrome://remote/content/marionette/cert.js, line 55: NS_ERROR_NOT_AVAILABLE: Component returned failure code: 0x80040111 (NS_ERROR_NOT_AVAILABLE) [nsICertOverrideService.setDisableAllSecurityChecksAndLetAttackersInterceptMyData]
console.warn: TopSitesFeed: Failed to fetch data from Contile server: NetworkError when attempting to fetch resource.

###!!! [Parent][RunMessage] Error: Channel closing: too late to send/recv, messages will be lost

1634580383661	geckodriver	INFO	Listening on 127.0.0.1:39173
1634580383666	mozrunner::runner	INFO	Running command: "/usr/bin/firefox" "--marionette" "--remote-debugging-port" "56539" "-no-remote" "-profile" "/tmp/rust_mozprofile5IqEf9"
1634580384683	Marionette	INFO	Marionette enabled
console.warn: SearchSettings: "get: No settings file exists, new profile?" (new NotFoundError("Could not open the file at /tmp/rust_mozprofile5IqEf9/search.json.mozlz4", (void 0)))
DevTools listening on ws://localhost:56539/devtools/browser/9fd142ac-7730-4596-b9cf-283e8110339b
1634580386289	Marionette	INFO	Listening on port 36719
1634580386391	RemoteAgent	WARN	TLS certificate errors will be ignored for this session
JavaScript error: , line 0: uncaught exception: undefined
1634580392664	Marionette	INFO	Stopped listening on port 36719
JavaScript error: resource:///modules/Interactions.jsm, line 201: NS_ERROR_FAILURE: Component returned failure code: 0x80004005 (NS_ERROR_FAILURE) [nsIUserIdleService.removeIdleObserver]
console.warn: TopSitesFeed: Failed to fetch data from Contile server: NetworkError when attempting to fetch resource.
JavaScript error: chrome://remote/content/marionette/cert.js, line 55: NS_ERROR_NOT_AVAILABLE: Component returned failure code: 0x80040111 (NS_ERROR_NOT_AVAILABLE) [nsICertOverrideService.setDisableAllSecurityChecksAndLetAttackersInterceptMyData]

###!!! [Parent][RunMessage] Error: Channel closing: too late to send/recv, messages will be lost

1634580481205	geckodriver	INFO	Listening on 127.0.0.1:38221
1634580481211	mozrunner::runner	INFO	Running command: "/usr/bin/firefox" "--marionette" "--remote-debugging-port" "60135" "-no-remote" "-profile" "/tmp/rust_mozprofilegieccU"
1634580482245	Marionette	INFO	Marionette enabled
console.warn: SearchSettings: "get: No settings file exists, new profile?" (new NotFoundError("Could not open the file at /tmp/rust_mozprofilegieccU/search.json.mozlz4", (void 0)))
DevTools listening on ws://localhost:60135/devtools/browser/47638df4-853b-442a-bfa9-8bc7852962af
1634580483831	Marionette	INFO	Listening on port 45173
1634580483934	RemoteAgent	WARN	TLS certificate errors will be ignored for this session
JavaScript error: , line 0: uncaught exception: undefined
JavaScript error: , line 0: uncaught exception: undefined
1634580495432	Marionette	WARN	Ignoring event 'pageshow' because document has an invalid readyState of 'uninitialized'.
JavaScript error: , line 0: uncaught exception: undefined
Exiting due to channel error.
Exiting due to channel error.
Exiting due to channel error.
